<?xml version="1.0" encoding="UTF-8"?>
<!-- Generated by org.testng.reporters.JUnitReportReporter -->
<testsuite skipped="0" hostname="FB-133" name="fawry.sofAutomation.testsActions.accounts.SearchAccountTest" tests="6" failures="5" timestamp="12 May 2019 11:18:43 GMT" time="130.209" errors="1">
  <testcase name="SearchAccount" time="14.406" classname="fawry.sofAutomation.testsActions.accounts.SearchAccountTest">
    <failure type="java.lang.AssertionError" message="The following asserts failed:
	Error; accounts shown on web table and in db does NOT matchIn test Case With ID of expected [true] but found [false],
	Error; accounts shown on web table and in db does NOT matchIn test Case With ID of expected [true] but found [false],
	Error; accounts shown on web table and in db does NOT matchIn test Case With ID of expected [true] but found [false],
	Error; accounts shown on web table and in db does NOT matchIn test Case With ID of expected [true] but found [false],
	Error; accounts shown on web table and in db does NOT matchIn test Case With ID of expected [true] but found [false],
	Error; accounts shown on web table and in db does NOT matchIn test Case With ID of expected [true] but found [false],
	Error; accounts shown on web table and in db does NOT matchIn test Case With ID of expected [true] but found [false],
	Error; accounts shown on web table and in db does NOT matchIn test Case With ID of expected [true] but found [false],
	Error; accounts shown on web table and in db does NOT matchIn test Case With ID of expected [true] but found [false],
	Error; accounts shown on web table and in db does NOT matchIn test Case With ID of expected [true] but found [false],
	Error; accounts shown on web table and in db does NOT matchIn test Case With ID of expected [true] but found [false],
	Error; accounts shown on web table and in db does NOT matchIn test Case With ID of expected [true] but found [false],
	Error; accounts shown on web table and in db does NOT matchIn test Case With ID of expected [true] but found [false],
	Error; accounts shown on web table and in db does NOT matchIn test Case With ID of expected [true] but found [false],
	Error; accounts shown on web table and in db does NOT matchIn test Case With ID of expected [true] but found [false],
	Error; accounts shown on web table and in db does NOT matchIn test Case With ID of expected [true] but found [false],
	Error; accounts shown on web table and in db does NOT matchIn test Case With ID of expected [true] but found [false],
	Error; accounts shown on web table and in db does NOT matchIn test Case With ID of expected [true] but found [false],
	Error; accounts shown on web table and in db does NOT matchIn test Case With ID of expected [true] but found [false],
	Error; accounts shown on web table and in db does NOT matchIn test Case With ID of expected [true] but found [false],
	Error; accounts shown on web table and in db does NOT matchIn test Case With ID of expected [true] but found [false],
	Error; accounts shown on web table and in db does NOT matchIn test Case With ID of expected [true] but found [false],
	Error; accounts shown on web table and in db does NOT matchIn test Case With ID of expected [true] but found [false],
	Error; accounts shown on web table and in db does NOT matchIn test Case With ID of expected [true] but found [false],
	Error; accounts shown on web table and in db does NOT matchIn test Case With ID of expected [true] but found [false],
	Error; accounts shown on web table and in db does NOT matchIn test Case With ID of expected [true] but found [false],
	Error; accounts shown on web table and in db does NOT matchIn test Case With ID of expected [true] but found [false],
	Error; accounts shown on web table and in db does NOT matchIn test Case With ID of expected [true] but found [false],
	Error; accounts shown on web table and in db does NOT matchIn test Case With ID of expected [true] but found [false],
	Error; accounts shown on web table and in db does NOT matchIn test Case With ID of expected [true] but found [false],
	Error; accounts shown on web table and in db does NOT matchIn test Case With ID of expected [true] but found [false],
	Error; accounts shown on web table and in db does NOT matchIn test Case With ID of expected [true] but found [false],
	Error; accounts shown on web table and in db does NOT matchIn test Case With ID of expected [true] but found [false],
	Error; accounts shown on web table and in db does NOT matchIn test Case With ID of expected [true] but found [false],
	Error; accounts shown on web table and in db does NOT matchIn test Case With ID of expected [true] but found [false],
	Error; accounts shown on web table and in db does NOT matchIn test Case With ID of expected [true] but found [false],
	Error; accounts shown on web table and in db does NOT matchIn test Case With ID of expected [true] but found [false],
	Error; accounts shown on web table and in db does NOT matchIn test Case With ID of expected [true] but found [false],
	Error; accounts shown on web table and in db does NOT matchIn test Case With ID of expected [true] but found [false],
	Error; accounts shown on web table and in db does NOT matchIn test Case With ID of expected [true] but found [false],
	Error; accounts shown on web table and in db does NOT matchIn test Case With ID of expected [true] but found [false],
	Error; accounts shown on web table and in db does NOT matchIn test Case With ID of expected [true] but found [false],
	Error; accounts shown on web table and in db does NOT matchIn test Case With ID of expected [true] but found [false],
	Error; accounts shown on web table and in db does NOT matchIn test Case With ID of expected [true] but found [false],
	Error; accounts shown on web table and in db does NOT matchIn test Case With ID of expected [true] but found [false],
	Error; accounts shown on web table and in db does NOT matchIn test Case With ID of expected [true] but found [false],
	Error; accounts shown on web table and in db does NOT matchIn test Case With ID of expected [true] but found [false]">
      <![CDATA[java.lang.AssertionError: The following asserts failed:
Error; accounts shown on web table and in db does NOT matchIn test Case With ID of expected [true] but found [false],
Error; accounts shown on web table and in db does NOT matchIn test Case With ID of expected [true] but found [false],
Error; accounts shown on web table and in db does NOT matchIn test Case With ID of expected [true] but found [false],
Error; accounts shown on web table and in db does NOT matchIn test Case With ID of expected [true] but found [false],
Error; accounts shown on web table and in db does NOT matchIn test Case With ID of expected [true] but found [false],
Error; accounts shown on web table and in db does NOT matchIn test Case With ID of expected [true] but found [false],
Error; accounts shown on web table and in db does NOT matchIn test Case With ID of expected [true] but found [false],
Error; accounts shown on web table and in db does NOT matchIn test Case With ID of expected [true] but found [false],
Error; accounts shown on web table and in db does NOT matchIn test Case With ID of expected [true] but found [false],
Error; accounts shown on web table and in db does NOT matchIn test Case With ID of expected [true] but found [false],
Error; accounts shown on web table and in db does NOT matchIn test Case With ID of expected [true] but found [false],
Error; accounts shown on web table and in db does NOT matchIn test Case With ID of expected [true] but found [false],
Error; accounts shown on web table and in db does NOT matchIn test Case With ID of expected [true] but found [false],
Error; accounts shown on web table and in db does NOT matchIn test Case With ID of expected [true] but found [false],
Error; accounts shown on web table and in db does NOT matchIn test Case With ID of expected [true] but found [false],
Error; accounts shown on web table and in db does NOT matchIn test Case With ID of expected [true] but found [false],
Error; accounts shown on web table and in db does NOT matchIn test Case With ID of expected [true] but found [false],
Error; accounts shown on web table and in db does NOT matchIn test Case With ID of expected [true] but found [false],
Error; accounts shown on web table and in db does NOT matchIn test Case With ID of expected [true] but found [false],
Error; accounts shown on web table and in db does NOT matchIn test Case With ID of expected [true] but found [false],
Error; accounts shown on web table and in db does NOT matchIn test Case With ID of expected [true] but found [false],
Error; accounts shown on web table and in db does NOT matchIn test Case With ID of expected [true] but found [false],
Error; accounts shown on web table and in db does NOT matchIn test Case With ID of expected [true] but found [false],
Error; accounts shown on web table and in db does NOT matchIn test Case With ID of expected [true] but found [false],
Error; accounts shown on web table and in db does NOT matchIn test Case With ID of expected [true] but found [false],
Error; accounts shown on web table and in db does NOT matchIn test Case With ID of expected [true] but found [false],
Error; accounts shown on web table and in db does NOT matchIn test Case With ID of expected [true] but found [false],
Error; accounts shown on web table and in db does NOT matchIn test Case With ID of expected [true] but found [false],
Error; accounts shown on web table and in db does NOT matchIn test Case With ID of expected [true] but found [false],
Error; accounts shown on web table and in db does NOT matchIn test Case With ID of expected [true] but found [false],
Error; accounts shown on web table and in db does NOT matchIn test Case With ID of expected [true] but found [false],
Error; accounts shown on web table and in db does NOT matchIn test Case With ID of expected [true] but found [false],
Error; accounts shown on web table and in db does NOT matchIn test Case With ID of expected [true] but found [false],
Error; accounts shown on web table and in db does NOT matchIn test Case With ID of expected [true] but found [false],
Error; accounts shown on web table and in db does NOT matchIn test Case With ID of expected [true] but found [false],
Error; accounts shown on web table and in db does NOT matchIn test Case With ID of expected [true] but found [false],
Error; accounts shown on web table and in db does NOT matchIn test Case With ID of expected [true] but found [false],
Error; accounts shown on web table and in db does NOT matchIn test Case With ID of expected [true] but found [false],
Error; accounts shown on web table and in db does NOT matchIn test Case With ID of expected [true] but found [false],
Error; accounts shown on web table and in db does NOT matchIn test Case With ID of expected [true] but found [false],
Error; accounts shown on web table and in db does NOT matchIn test Case With ID of expected [true] but found [false],
Error; accounts shown on web table and in db does NOT matchIn test Case With ID of expected [true] but found [false],
Error; accounts shown on web table and in db does NOT matchIn test Case With ID of expected [true] but found [false],
Error; accounts shown on web table and in db does NOT matchIn test Case With ID of expected [true] but found [false],
Error; accounts shown on web table and in db does NOT matchIn test Case With ID of expected [true] but found [false],
Error; accounts shown on web table and in db does NOT matchIn test Case With ID of expected [true] but found [false],
Error; accounts shown on web table and in db does NOT matchIn test Case With ID of expected [true] but found [false]
at org.testng.asserts.SoftAssert.assertAll(SoftAssert.java:43)
at fawry.sofAutomation.testsActions.accounts.SearchAccountTest.SearchAccount(SearchAccountTest.java:77)
at sun.reflect.NativeMethodAccessorImpl.invoke0(Native Method)
at sun.reflect.NativeMethodAccessorImpl.invoke(NativeMethodAccessorImpl.java:62)
at sun.reflect.DelegatingMethodAccessorImpl.invoke(DelegatingMethodAccessorImpl.java:43)
at java.lang.reflect.Method.invoke(Method.java:498)
at org.testng.internal.MethodInvocationHelper.invokeMethod(MethodInvocationHelper.java:124)
at org.testng.internal.Invoker.invokeMethod(Invoker.java:580)
at org.testng.internal.Invoker.invokeTestMethod(Invoker.java:716)
at org.testng.internal.Invoker.invokeTestMethods(Invoker.java:988)
at org.testng.internal.TestMethodWorker.invokeTestMethods(TestMethodWorker.java:125)
at org.testng.internal.TestMethodWorker.run(TestMethodWorker.java:109)
at org.testng.TestRunner.privateRun(TestRunner.java:648)
at org.testng.TestRunner.run(TestRunner.java:505)
at org.testng.SuiteRunner.runTest(SuiteRunner.java:455)
at org.testng.SuiteRunner.runSequentially(SuiteRunner.java:450)
at org.testng.SuiteRunner.privateRun(SuiteRunner.java:415)
at org.testng.SuiteRunner.run(SuiteRunner.java:364)
at org.testng.SuiteRunnerWorker.runSuite(SuiteRunnerWorker.java:52)
at org.testng.SuiteRunnerWorker.run(SuiteRunnerWorker.java:84)
at org.testng.TestNG.runSuitesSequentially(TestNG.java:1208)
at org.testng.TestNG.runSuitesLocally(TestNG.java:1137)
at org.testng.TestNG.runSuites(TestNG.java:1049)
at org.testng.TestNG.run(TestNG.java:1017)
at org.testng.remote.AbstractRemoteTestNG.run(AbstractRemoteTestNG.java:114)
at org.testng.remote.RemoteTestNG.initAndRun(RemoteTestNG.java:251)
at org.testng.remote.RemoteTestNG.main(RemoteTestNG.java:77)
]]>
    </failure>
  </testcase> <!-- SearchAccount -->
  <testcase name="SearchAccount" time="12.810" classname="fawry.sofAutomation.testsActions.accounts.SearchAccountTest">
    <error type="org.openqa.selenium.ElementClickInterceptedException" message="element click intercepted: Element &lt;input id=&quot;searchPOS:tableEx1:deluxe1__pagerNext&quot; name=&quot;searchPOS:tableEx1:deluxe1__pagerNext&quot; class=&quot;pagerDeluxeActive_button&quot; alt=&quot;Next&quot; title=&quot;Next&quot; src=&quot;/POSAdminTool/.ibmjsfres/img/1x1.gif&quot; type=&quot;image&quot; style=&quot;position: relative; z-index: 2; background-color: transparent;&quot;&gt; is not clickable at point (287, 602). Other element would receive the click: &lt;td class=&quot;grid&quot;&gt;...&lt;/td&gt;
  (Session info: chrome=74.0.3729.131)
  (Driver info: chromedriver=74.0.3729.6 (255758eccf3d244491b8a1317aa76e1ce10d57e9-refs/branch-heads/3729@{#29}),platform=Windows NT 6.1.7601 SP1 x86_64) (WARNING: The server did not provide any stacktrace information)
Command duration or timeout: 0 milliseconds
Build info: version: &#039;3.141.59&#039;, revision: &#039;e82be7d358&#039;, time: &#039;2018-11-14T08:17:03&#039;
System info: host: &#039;FB-133&#039;, ip: &#039;10.5.12.2&#039;, os.name: &#039;Windows 7&#039;, os.arch: &#039;amd64&#039;, os.version: &#039;6.1&#039;, java.version: &#039;1.8.0_112&#039;
Driver info: org.openqa.selenium.chrome.ChromeDriver
Capabilities {acceptInsecureCerts: false, acceptSslCerts: false, applicationCacheEnabled: false, browserConnectionEnabled: false, browserName: chrome, chrome: {chromedriverVersion: 74.0.3729.6 (255758eccf3d24..., userDataDir: C:\Users\TAREQ~1.SHA\AppDat...}, cssSelectorsEnabled: true, databaseEnabled: false, goog:chromeOptions: {debuggerAddress: localhost:50829}, handlesAlerts: true, hasTouchScreen: false, javascriptEnabled: true, locationContextEnabled: true, mobileEmulationEnabled: false, nativeEvents: true, networkConnectionEnabled: false, pageLoadStrategy: normal, platform: XP, platformName: XP, proxy: Proxy(), rotatable: false, setWindowRect: true, strictFileInteractability: false, takesHeapSnapshot: true, takesScreenshot: true, timeouts: {implicit: 0, pageLoad: 300000, script: 30000}, unexpectedAlertBehaviour: ignore, unhandledPromptBehavior: ignore, version: 74.0.3729.131, webStorageEnabled: true}
Session ID: 77683a80fa72b6cc698634125b98faa1">
      <![CDATA[org.openqa.selenium.ElementClickInterceptedException: element click intercepted: Element <input id="searchPOS:tableEx1:deluxe1__pagerNext" name="searchPOS:tableEx1:deluxe1__pagerNext" class="pagerDeluxeActive_button" alt="Next" title="Next" src="/POSAdminTool/.ibmjsfres/img/1x1.gif" type="image" style="position: relative; z-index: 2; background-color: transparent;"> is not clickable at point (287, 602). Other element would receive the click: <td class="grid">...</td>
  (Session info: chrome=74.0.3729.131)
  (Driver info: chromedriver=74.0.3729.6 (255758eccf3d244491b8a1317aa76e1ce10d57e9-refs/branch-heads/3729@{#29}),platform=Windows NT 6.1.7601 SP1 x86_64) (WARNING: The server did not provide any stacktrace information)
Command duration or timeout: 0 milliseconds
Build info: version: '3.141.59', revision: 'e82be7d358', time: '2018-11-14T08:17:03'
System info: host: 'FB-133', ip: '10.5.12.2', os.name: 'Windows 7', os.arch: 'amd64', os.version: '6.1', java.version: '1.8.0_112'
Driver info: org.openqa.selenium.chrome.ChromeDriver
Capabilities {acceptInsecureCerts: false, acceptSslCerts: false, applicationCacheEnabled: false, browserConnectionEnabled: false, browserName: chrome, chrome: {chromedriverVersion: 74.0.3729.6 (255758eccf3d24..., userDataDir: C:\Users\TAREQ~1.SHA\AppDat...}, cssSelectorsEnabled: true, databaseEnabled: false, goog:chromeOptions: {debuggerAddress: localhost:50829}, handlesAlerts: true, hasTouchScreen: false, javascriptEnabled: true, locationContextEnabled: true, mobileEmulationEnabled: false, nativeEvents: true, networkConnectionEnabled: false, pageLoadStrategy: normal, platform: XP, platformName: XP, proxy: Proxy(), rotatable: false, setWindowRect: true, strictFileInteractability: false, takesHeapSnapshot: true, takesScreenshot: true, timeouts: {implicit: 0, pageLoad: 300000, script: 30000}, unexpectedAlertBehaviour: ignore, unhandledPromptBehavior: ignore, version: 74.0.3729.131, webStorageEnabled: true}
Session ID: 77683a80fa72b6cc698634125b98faa1
at sun.reflect.NativeConstructorAccessorImpl.newInstance0(Native Method)
at sun.reflect.NativeConstructorAccessorImpl.newInstance(NativeConstructorAccessorImpl.java:62)
at sun.reflect.DelegatingConstructorAccessorImpl.newInstance(DelegatingConstructorAccessorImpl.java:45)
at java.lang.reflect.Constructor.newInstance(Constructor.java:423)
at org.openqa.selenium.remote.ErrorHandler.createThrowable(ErrorHandler.java:214)
at org.openqa.selenium.remote.ErrorHandler.throwIfResponseFailed(ErrorHandler.java:166)
at org.openqa.selenium.remote.http.JsonHttpResponseCodec.reconstructValue(JsonHttpResponseCodec.java:40)
at org.openqa.selenium.remote.http.AbstractHttpResponseCodec.decode(AbstractHttpResponseCodec.java:80)
at org.openqa.selenium.remote.http.AbstractHttpResponseCodec.decode(AbstractHttpResponseCodec.java:44)
at org.openqa.selenium.remote.HttpCommandExecutor.execute(HttpCommandExecutor.java:158)
at org.openqa.selenium.remote.service.DriverCommandExecutor.execute(DriverCommandExecutor.java:83)
at org.openqa.selenium.remote.RemoteWebDriver.execute(RemoteWebDriver.java:552)
at org.openqa.selenium.remote.RemoteWebElement.execute(RemoteWebElement.java:285)
at org.openqa.selenium.remote.RemoteWebElement.click(RemoteWebElement.java:84)
at sun.reflect.GeneratedMethodAccessor1.invoke(Unknown Source)
at sun.reflect.DelegatingMethodAccessorImpl.invoke(DelegatingMethodAccessorImpl.java:43)
at java.lang.reflect.Method.invoke(Method.java:498)
at org.openqa.selenium.support.pagefactory.internal.LocatingElementHandler.invoke(LocatingElementHandler.java:51)
at com.sun.proxy.$Proxy18.click(Unknown Source)
at fawry.sofAutomation.tablesVerification.accounts.SearchTableVerifications.SearchAccountTable(SearchTableVerifications.java:77)
at fawry.sofAutomation.testsActions.accounts.SearchAccountTest.SearchAccount(SearchAccountTest.java:65)
at sun.reflect.NativeMethodAccessorImpl.invoke0(Native Method)
at sun.reflect.NativeMethodAccessorImpl.invoke(NativeMethodAccessorImpl.java:62)
at sun.reflect.DelegatingMethodAccessorImpl.invoke(DelegatingMethodAccessorImpl.java:43)
at java.lang.reflect.Method.invoke(Method.java:498)
at org.testng.internal.MethodInvocationHelper.invokeMethod(MethodInvocationHelper.java:124)
at org.testng.internal.Invoker.invokeMethod(Invoker.java:580)
at org.testng.internal.Invoker.invokeTestMethod(Invoker.java:716)
at org.testng.internal.Invoker.invokeTestMethods(Invoker.java:988)
at org.testng.internal.TestMethodWorker.invokeTestMethods(TestMethodWorker.java:125)
at org.testng.internal.TestMethodWorker.run(TestMethodWorker.java:109)
at org.testng.TestRunner.privateRun(TestRunner.java:648)
at org.testng.TestRunner.run(TestRunner.java:505)
at org.testng.SuiteRunner.runTest(SuiteRunner.java:455)
at org.testng.SuiteRunner.runSequentially(SuiteRunner.java:450)
at org.testng.SuiteRunner.privateRun(SuiteRunner.java:415)
at org.testng.SuiteRunner.run(SuiteRunner.java:364)
at org.testng.SuiteRunnerWorker.runSuite(SuiteRunnerWorker.java:52)
at org.testng.SuiteRunnerWorker.run(SuiteRunnerWorker.java:84)
at org.testng.TestNG.runSuitesSequentially(TestNG.java:1208)
at org.testng.TestNG.runSuitesLocally(TestNG.java:1137)
at org.testng.TestNG.runSuites(TestNG.java:1049)
at org.testng.TestNG.run(TestNG.java:1017)
at org.testng.remote.AbstractRemoteTestNG.run(AbstractRemoteTestNG.java:114)
at org.testng.remote.RemoteTestNG.initAndRun(RemoteTestNG.java:251)
at org.testng.remote.RemoteTestNG.main(RemoteTestNG.java:77)
]]>
    </error>
  </testcase> <!-- SearchAccount -->
  <testcase name="SearchAccount" time="4.886" classname="fawry.sofAutomation.testsActions.accounts.SearchAccountTest">
    <failure type="java.lang.AssertionError" message="The following asserts failed:
	Error; accounts shown on web table and in db does NOT matchIn test Case With ID of expected [true] but found [false]">
      <![CDATA[java.lang.AssertionError: The following asserts failed:
Error; accounts shown on web table and in db does NOT matchIn test Case With ID of expected [true] but found [false]
at org.testng.asserts.SoftAssert.assertAll(SoftAssert.java:43)
at fawry.sofAutomation.testsActions.accounts.SearchAccountTest.SearchAccount(SearchAccountTest.java:77)
at sun.reflect.NativeMethodAccessorImpl.invoke0(Native Method)
at sun.reflect.NativeMethodAccessorImpl.invoke(NativeMethodAccessorImpl.java:62)
at sun.reflect.DelegatingMethodAccessorImpl.invoke(DelegatingMethodAccessorImpl.java:43)
at java.lang.reflect.Method.invoke(Method.java:498)
at org.testng.internal.MethodInvocationHelper.invokeMethod(MethodInvocationHelper.java:124)
at org.testng.internal.Invoker.invokeMethod(Invoker.java:580)
at org.testng.internal.Invoker.invokeTestMethod(Invoker.java:716)
at org.testng.internal.Invoker.invokeTestMethods(Invoker.java:988)
at org.testng.internal.TestMethodWorker.invokeTestMethods(TestMethodWorker.java:125)
at org.testng.internal.TestMethodWorker.run(TestMethodWorker.java:109)
at org.testng.TestRunner.privateRun(TestRunner.java:648)
at org.testng.TestRunner.run(TestRunner.java:505)
at org.testng.SuiteRunner.runTest(SuiteRunner.java:455)
at org.testng.SuiteRunner.runSequentially(SuiteRunner.java:450)
at org.testng.SuiteRunner.privateRun(SuiteRunner.java:415)
at org.testng.SuiteRunner.run(SuiteRunner.java:364)
at org.testng.SuiteRunnerWorker.runSuite(SuiteRunnerWorker.java:52)
at org.testng.SuiteRunnerWorker.run(SuiteRunnerWorker.java:84)
at org.testng.TestNG.runSuitesSequentially(TestNG.java:1208)
at org.testng.TestNG.runSuitesLocally(TestNG.java:1137)
at org.testng.TestNG.runSuites(TestNG.java:1049)
at org.testng.TestNG.run(TestNG.java:1017)
at org.testng.remote.AbstractRemoteTestNG.run(AbstractRemoteTestNG.java:114)
at org.testng.remote.RemoteTestNG.initAndRun(RemoteTestNG.java:251)
at org.testng.remote.RemoteTestNG.main(RemoteTestNG.java:77)
]]>
    </failure>
  </testcase> <!-- SearchAccount -->
  <testcase name="SearchAccount" time="1.903" classname="fawry.sofAutomation.testsActions.accounts.SearchAccountTest">
    <failure type="java.lang.AssertionError" message="The following asserts failed:
	Error; accounts shown on web table and in db does NOT matchIn test Case With ID of expected [true] but found [false]">
      <![CDATA[java.lang.AssertionError: The following asserts failed:
Error; accounts shown on web table and in db does NOT matchIn test Case With ID of expected [true] but found [false]
at org.testng.asserts.SoftAssert.assertAll(SoftAssert.java:43)
at fawry.sofAutomation.testsActions.accounts.SearchAccountTest.SearchAccount(SearchAccountTest.java:77)
at sun.reflect.NativeMethodAccessorImpl.invoke0(Native Method)
at sun.reflect.NativeMethodAccessorImpl.invoke(NativeMethodAccessorImpl.java:62)
at sun.reflect.DelegatingMethodAccessorImpl.invoke(DelegatingMethodAccessorImpl.java:43)
at java.lang.reflect.Method.invoke(Method.java:498)
at org.testng.internal.MethodInvocationHelper.invokeMethod(MethodInvocationHelper.java:124)
at org.testng.internal.Invoker.invokeMethod(Invoker.java:580)
at org.testng.internal.Invoker.invokeTestMethod(Invoker.java:716)
at org.testng.internal.Invoker.invokeTestMethods(Invoker.java:988)
at org.testng.internal.TestMethodWorker.invokeTestMethods(TestMethodWorker.java:125)
at org.testng.internal.TestMethodWorker.run(TestMethodWorker.java:109)
at org.testng.TestRunner.privateRun(TestRunner.java:648)
at org.testng.TestRunner.run(TestRunner.java:505)
at org.testng.SuiteRunner.runTest(SuiteRunner.java:455)
at org.testng.SuiteRunner.runSequentially(SuiteRunner.java:450)
at org.testng.SuiteRunner.privateRun(SuiteRunner.java:415)
at org.testng.SuiteRunner.run(SuiteRunner.java:364)
at org.testng.SuiteRunnerWorker.runSuite(SuiteRunnerWorker.java:52)
at org.testng.SuiteRunnerWorker.run(SuiteRunnerWorker.java:84)
at org.testng.TestNG.runSuitesSequentially(TestNG.java:1208)
at org.testng.TestNG.runSuitesLocally(TestNG.java:1137)
at org.testng.TestNG.runSuites(TestNG.java:1049)
at org.testng.TestNG.run(TestNG.java:1017)
at org.testng.remote.AbstractRemoteTestNG.run(AbstractRemoteTestNG.java:114)
at org.testng.remote.RemoteTestNG.initAndRun(RemoteTestNG.java:251)
at org.testng.remote.RemoteTestNG.main(RemoteTestNG.java:77)
]]>
    </failure>
  </testcase> <!-- SearchAccount -->
  <testcase name="SearchAccount" time="23.320" classname="fawry.sofAutomation.testsActions.accounts.SearchAccountTest">
    <failure type="java.lang.AssertionError" message="The following asserts failed:
	Error; accounts shown on web table and in db does NOT matchIn test Case With ID of expected [true] but found [false],
	Error; accounts shown on web table and in db does NOT matchIn test Case With ID of expected [true] but found [false],
	Error; accounts shown on web table and in db does NOT matchIn test Case With ID of expected [true] but found [false],
	Error; accounts shown on web table and in db does NOT matchIn test Case With ID of expected [true] but found [false],
	Error; accounts shown on web table and in db does NOT matchIn test Case With ID of expected [true] but found [false],
	Error; accounts shown on web table and in db does NOT matchIn test Case With ID of expected [true] but found [false],
	Error; accounts shown on web table and in db does NOT matchIn test Case With ID of expected [true] but found [false],
	Error; accounts shown on web table and in db does NOT matchIn test Case With ID of expected [true] but found [false],
	Error; accounts shown on web table and in db does NOT matchIn test Case With ID of expected [true] but found [false],
	Error; accounts shown on web table and in db does NOT matchIn test Case With ID of expected [true] but found [false],
	Error; accounts shown on web table and in db does NOT matchIn test Case With ID of expected [true] but found [false],
	Error; accounts shown on web table and in db does NOT matchIn test Case With ID of expected [true] but found [false],
	Error; accounts shown on web table and in db does NOT matchIn test Case With ID of expected [true] but found [false],
	Error; accounts shown on web table and in db does NOT matchIn test Case With ID of expected [true] but found [false],
	Error; accounts shown on web table and in db does NOT matchIn test Case With ID of expected [true] but found [false],
	Error; accounts shown on web table and in db does NOT matchIn test Case With ID of expected [true] but found [false],
	Error; accounts shown on web table and in db does NOT matchIn test Case With ID of expected [true] but found [false],
	Error; accounts shown on web table and in db does NOT matchIn test Case With ID of expected [true] but found [false],
	Error; accounts shown on web table and in db does NOT matchIn test Case With ID of expected [true] but found [false],
	Error; accounts shown on web table and in db does NOT matchIn test Case With ID of expected [true] but found [false],
	Error; accounts shown on web table and in db does NOT matchIn test Case With ID of expected [true] but found [false],
	Error; accounts shown on web table and in db does NOT matchIn test Case With ID of expected [true] but found [false],
	Error; accounts shown on web table and in db does NOT matchIn test Case With ID of expected [true] but found [false],
	Error; accounts shown on web table and in db does NOT matchIn test Case With ID of expected [true] but found [false],
	Error; accounts shown on web table and in db does NOT matchIn test Case With ID of expected [true] but found [false],
	Error; accounts shown on web table and in db does NOT matchIn test Case With ID of expected [true] but found [false],
	Error; accounts shown on web table and in db does NOT matchIn test Case With ID of expected [true] but found [false],
	Error; accounts shown on web table and in db does NOT matchIn test Case With ID of expected [true] but found [false],
	Error; accounts shown on web table and in db does NOT matchIn test Case With ID of expected [true] but found [false],
	Error; accounts shown on web table and in db does NOT matchIn test Case With ID of expected [true] but found [false],
	Error; accounts shown on web table and in db does NOT matchIn test Case With ID of expected [true] but found [false],
	Error; accounts shown on web table and in db does NOT matchIn test Case With ID of expected [true] but found [false],
	Error; accounts shown on web table and in db does NOT matchIn test Case With ID of expected [true] but found [false],
	Error; accounts shown on web table and in db does NOT matchIn test Case With ID of expected [true] but found [false],
	Error; accounts shown on web table and in db does NOT matchIn test Case With ID of expected [true] but found [false],
	Error; accounts shown on web table and in db does NOT matchIn test Case With ID of expected [true] but found [false],
	Error; accounts shown on web table and in db does NOT matchIn test Case With ID of expected [true] but found [false],
	Error; accounts shown on web table and in db does NOT matchIn test Case With ID of expected [true] but found [false],
	Error; accounts shown on web table and in db does NOT matchIn test Case With ID of expected [true] but found [false],
	Error; accounts shown on web table and in db does NOT matchIn test Case With ID of expected [true] but found [false],
	Error; accounts shown on web table and in db does NOT matchIn test Case With ID of expected [true] but found [false],
	Error; accounts shown on web table and in db does NOT matchIn test Case With ID of expected [true] but found [false],
	Error; accounts shown on web table and in db does NOT matchIn test Case With ID of expected [true] but found [false],
	Error; accounts shown on web table and in db does NOT matchIn test Case With ID of expected [true] but found [false],
	Error; accounts shown on web table and in db does NOT matchIn test Case With ID of expected [true] but found [false],
	Error; accounts shown on web table and in db does NOT matchIn test Case With ID of expected [true] but found [false],
	Error; accounts shown on web table and in db does NOT matchIn test Case With ID of expected [true] but found [false],
	Error; accounts shown on web table and in db does NOT matchIn test Case With ID of expected [true] but found [false],
	Error; accounts shown on web table and in db does NOT matchIn test Case With ID of expected [true] but found [false],
	Error; accounts shown on web table and in db does NOT matchIn test Case With ID of expected [true] but found [false],
	Error; accounts shown on web table and in db does NOT matchIn test Case With ID of expected [true] but found [false],
	Error; accounts shown on web table and in db does NOT matchIn test Case With ID of expected [true] but found [false],
	Error; accounts shown on web table and in db does NOT matchIn test Case With ID of expected [true] but found [false],
	Error; accounts shown on web table and in db does NOT matchIn test Case With ID of expected [true] but found [false],
	Error; accounts shown on web table and in db does NOT matchIn test Case With ID of expected [true] but found [false],
	Error; accounts shown on web table and in db does NOT matchIn test Case With ID of expected [true] but found [false],
	Error; accounts shown on web table and in db does NOT matchIn test Case With ID of expected [true] but found [false],
	Error; accounts shown on web table and in db does NOT matchIn test Case With ID of expected [true] but found [false],
	Error; accounts shown on web table and in db does NOT matchIn test Case With ID of expected [true] but found [false],
	Error; accounts shown on web table and in db does NOT matchIn test Case With ID of expected [true] but found [false],
	Error; accounts shown on web table and in db does NOT matchIn test Case With ID of expected [true] but found [false],
	Error; accounts shown on web table and in db does NOT matchIn test Case With ID of expected [true] but found [false],
	Error; accounts shown on web table and in db does NOT matchIn test Case With ID of expected [true] but found [false],
	Error; accounts shown on web table and in db does NOT matchIn test Case With ID of expected [true] but found [false],
	Error; accounts shown on web table and in db does NOT matchIn test Case With ID of expected [true] but found [false],
	Error; accounts shown on web table and in db does NOT matchIn test Case With ID of expected [true] but found [false],
	Error; accounts shown on web table and in db does NOT matchIn test Case With ID of expected [true] but found [false],
	Error; accounts shown on web table and in db does NOT matchIn test Case With ID of expected [true] but found [false],
	Error; accounts shown on web table and in db does NOT matchIn test Case With ID of expected [true] but found [false],
	Error; accounts shown on web table and in db does NOT matchIn test Case With ID of expected [true] but found [false],
	Error; accounts shown on web table and in db does NOT matchIn test Case With ID of expected [true] but found [false],
	Error; accounts shown on web table and in db does NOT matchIn test Case With ID of expected [true] but found [false],
	Error; accounts shown on web table and in db does NOT matchIn test Case With ID of expected [true] but found [false],
	Error; accounts shown on web table and in db does NOT matchIn test Case With ID of expected [true] but found [false],
	Error; accounts shown on web table and in db does NOT matchIn test Case With ID of expected [true] but found [false],
	Error; accounts shown on web table and in db does NOT matchIn test Case With ID of expected [true] but found [false],
	Error; accounts shown on web table and in db does NOT matchIn test Case With ID of expected [true] but found [false],
	Error; accounts shown on web table and in db does NOT matchIn test Case With ID of expected [true] but found [false],
	Error; accounts shown on web table and in db does NOT matchIn test Case With ID of expected [true] but found [false],
	Error; accounts shown on web table and in db does NOT matchIn test Case With ID of expected [true] but found [false],
	Error; accounts shown on web table and in db does NOT matchIn test Case With ID of expected [true] but found [false],
	Error; accounts shown on web table and in db does NOT matchIn test Case With ID of expected [true] but found [false],
	Error; accounts shown on web table and in db does NOT matchIn test Case With ID of expected [true] but found [false],
	Error; accounts shown on web table and in db does NOT matchIn test Case With ID of expected [true] but found [false]">
      <![CDATA[java.lang.AssertionError: The following asserts failed:
Error; accounts shown on web table and in db does NOT matchIn test Case With ID of expected [true] but found [false],
Error; accounts shown on web table and in db does NOT matchIn test Case With ID of expected [true] but found [false],
Error; accounts shown on web table and in db does NOT matchIn test Case With ID of expected [true] but found [false],
Error; accounts shown on web table and in db does NOT matchIn test Case With ID of expected [true] but found [false],
Error; accounts shown on web table and in db does NOT matchIn test Case With ID of expected [true] but found [false],
Error; accounts shown on web table and in db does NOT matchIn test Case With ID of expected [true] but found [false],
Error; accounts shown on web table and in db does NOT matchIn test Case With ID of expected [true] but found [false],
Error; accounts shown on web table and in db does NOT matchIn test Case With ID of expected [true] but found [false],
Error; accounts shown on web table and in db does NOT matchIn test Case With ID of expected [true] but found [false],
Error; accounts shown on web table and in db does NOT matchIn test Case With ID of expected [true] but found [false],
Error; accounts shown on web table and in db does NOT matchIn test Case With ID of expected [true] but found [false],
Error; accounts shown on web table and in db does NOT matchIn test Case With ID of expected [true] but found [false],
Error; accounts shown on web table and in db does NOT matchIn test Case With ID of expected [true] but found [false],
Error; accounts shown on web table and in db does NOT matchIn test Case With ID of expected [true] but found [false],
Error; accounts shown on web table and in db does NOT matchIn test Case With ID of expected [true] but found [false],
Error; accounts shown on web table and in db does NOT matchIn test Case With ID of expected [true] but found [false],
Error; accounts shown on web table and in db does NOT matchIn test Case With ID of expected [true] but found [false],
Error; accounts shown on web table and in db does NOT matchIn test Case With ID of expected [true] but found [false],
Error; accounts shown on web table and in db does NOT matchIn test Case With ID of expected [true] but found [false],
Error; accounts shown on web table and in db does NOT matchIn test Case With ID of expected [true] but found [false],
Error; accounts shown on web table and in db does NOT matchIn test Case With ID of expected [true] but found [false],
Error; accounts shown on web table and in db does NOT matchIn test Case With ID of expected [true] but found [false],
Error; accounts shown on web table and in db does NOT matchIn test Case With ID of expected [true] but found [false],
Error; accounts shown on web table and in db does NOT matchIn test Case With ID of expected [true] but found [false],
Error; accounts shown on web table and in db does NOT matchIn test Case With ID of expected [true] but found [false],
Error; accounts shown on web table and in db does NOT matchIn test Case With ID of expected [true] but found [false],
Error; accounts shown on web table and in db does NOT matchIn test Case With ID of expected [true] but found [false],
Error; accounts shown on web table and in db does NOT matchIn test Case With ID of expected [true] but found [false],
Error; accounts shown on web table and in db does NOT matchIn test Case With ID of expected [true] but found [false],
Error; accounts shown on web table and in db does NOT matchIn test Case With ID of expected [true] but found [false],
Error; accounts shown on web table and in db does NOT matchIn test Case With ID of expected [true] but found [false],
Error; accounts shown on web table and in db does NOT matchIn test Case With ID of expected [true] but found [false],
Error; accounts shown on web table and in db does NOT matchIn test Case With ID of expected [true] but found [false],
Error; accounts shown on web table and in db does NOT matchIn test Case With ID of expected [true] but found [false],
Error; accounts shown on web table and in db does NOT matchIn test Case With ID of expected [true] but found [false],
Error; accounts shown on web table and in db does NOT matchIn test Case With ID of expected [true] but found [false],
Error; accounts shown on web table and in db does NOT matchIn test Case With ID of expected [true] but found [false],
Error; accounts shown on web table and in db does NOT matchIn test Case With ID of expected [true] but found [false],
Error; accounts shown on web table and in db does NOT matchIn test Case With ID of expected [true] but found [false],
Error; accounts shown on web table and in db does NOT matchIn test Case With ID of expected [true] but found [false],
Error; accounts shown on web table and in db does NOT matchIn test Case With ID of expected [true] but found [false],
Error; accounts shown on web table and in db does NOT matchIn test Case With ID of expected [true] but found [false],
Error; accounts shown on web table and in db does NOT matchIn test Case With ID of expected [true] but found [false],
Error; accounts shown on web table and in db does NOT matchIn test Case With ID of expected [true] but found [false],
Error; accounts shown on web table and in db does NOT matchIn test Case With ID of expected [true] but found [false],
Error; accounts shown on web table and in db does NOT matchIn test Case With ID of expected [true] but found [false],
Error; accounts shown on web table and in db does NOT matchIn test Case With ID of expected [true] but found [false],
Error; accounts shown on web table and in db does NOT matchIn test Case With ID of expected [true] but found [false],
Error; accounts shown on web table and in db does NOT matchIn test Case With ID of expected [true] but found [false],
Error; accounts shown on web table and in db does NOT matchIn test Case With ID of expected [true] but found [false],
Error; accounts shown on web table and in db does NOT matchIn test Case With ID of expected [true] but found [false],
Error; accounts shown on web table and in db does NOT matchIn test Case With ID of expected [true] but found [false],
Error; accounts shown on web table and in db does NOT matchIn test Case With ID of expected [true] but found [false],
Error; accounts shown on web table and in db does NOT matchIn test Case With ID of expected [true] but found [false],
Error; accounts shown on web table and in db does NOT matchIn test Case With ID of expected [true] but found [false],
Error; accounts shown on web table and in db does NOT matchIn test Case With ID of expected [true] but found [false],
Error; accounts shown on web table and in db does NOT matchIn test Case With ID of expected [true] but found [false],
Error; accounts shown on web table and in db does NOT matchIn test Case With ID of expected [true] but found [false],
Error; accounts shown on web table and in db does NOT matchIn test Case With ID of expected [true] but found [false],
Error; accounts shown on web table and in db does NOT matchIn test Case With ID of expected [true] but found [false],
Error; accounts shown on web table and in db does NOT matchIn test Case With ID of expected [true] but found [false],
Error; accounts shown on web table and in db does NOT matchIn test Case With ID of expected [true] but found [false],
Error; accounts shown on web table and in db does NOT matchIn test Case With ID of expected [true] but found [false],
Error; accounts shown on web table and in db does NOT matchIn test Case With ID of expected [true] but found [false],
Error; accounts shown on web table and in db does NOT matchIn test Case With ID of expected [true] but found [false],
Error; accounts shown on web table and in db does NOT matchIn test Case With ID of expected [true] but found [false],
Error; accounts shown on web table and in db does NOT matchIn test Case With ID of expected [true] but found [false],
Error; accounts shown on web table and in db does NOT matchIn test Case With ID of expected [true] but found [false],
Error; accounts shown on web table and in db does NOT matchIn test Case With ID of expected [true] but found [false],
Error; accounts shown on web table and in db does NOT matchIn test Case With ID of expected [true] but found [false],
Error; accounts shown on web table and in db does NOT matchIn test Case With ID of expected [true] but found [false],
Error; accounts shown on web table and in db does NOT matchIn test Case With ID of expected [true] but found [false],
Error; accounts shown on web table and in db does NOT matchIn test Case With ID of expected [true] but found [false],
Error; accounts shown on web table and in db does NOT matchIn test Case With ID of expected [true] but found [false],
Error; accounts shown on web table and in db does NOT matchIn test Case With ID of expected [true] but found [false],
Error; accounts shown on web table and in db does NOT matchIn test Case With ID of expected [true] but found [false],
Error; accounts shown on web table and in db does NOT matchIn test Case With ID of expected [true] but found [false],
Error; accounts shown on web table and in db does NOT matchIn test Case With ID of expected [true] but found [false],
Error; accounts shown on web table and in db does NOT matchIn test Case With ID of expected [true] but found [false],
Error; accounts shown on web table and in db does NOT matchIn test Case With ID of expected [true] but found [false],
Error; accounts shown on web table and in db does NOT matchIn test Case With ID of expected [true] but found [false],
Error; accounts shown on web table and in db does NOT matchIn test Case With ID of expected [true] but found [false],
Error; accounts shown on web table and in db does NOT matchIn test Case With ID of expected [true] but found [false],
Error; accounts shown on web table and in db does NOT matchIn test Case With ID of expected [true] but found [false]
at org.testng.asserts.SoftAssert.assertAll(SoftAssert.java:43)
at fawry.sofAutomation.testsActions.accounts.SearchAccountTest.SearchAccount(SearchAccountTest.java:77)
at sun.reflect.NativeMethodAccessorImpl.invoke0(Native Method)
at sun.reflect.NativeMethodAccessorImpl.invoke(NativeMethodAccessorImpl.java:62)
at sun.reflect.DelegatingMethodAccessorImpl.invoke(DelegatingMethodAccessorImpl.java:43)
at java.lang.reflect.Method.invoke(Method.java:498)
at org.testng.internal.MethodInvocationHelper.invokeMethod(MethodInvocationHelper.java:124)
at org.testng.internal.Invoker.invokeMethod(Invoker.java:580)
at org.testng.internal.Invoker.invokeTestMethod(Invoker.java:716)
at org.testng.internal.Invoker.invokeTestMethods(Invoker.java:988)
at org.testng.internal.TestMethodWorker.invokeTestMethods(TestMethodWorker.java:125)
at org.testng.internal.TestMethodWorker.run(TestMethodWorker.java:109)
at org.testng.TestRunner.privateRun(TestRunner.java:648)
at org.testng.TestRunner.run(TestRunner.java:505)
at org.testng.SuiteRunner.runTest(SuiteRunner.java:455)
at org.testng.SuiteRunner.runSequentially(SuiteRunner.java:450)
at org.testng.SuiteRunner.privateRun(SuiteRunner.java:415)
at org.testng.SuiteRunner.run(SuiteRunner.java:364)
at org.testng.SuiteRunnerWorker.runSuite(SuiteRunnerWorker.java:52)
at org.testng.SuiteRunnerWorker.run(SuiteRunnerWorker.java:84)
at org.testng.TestNG.runSuitesSequentially(TestNG.java:1208)
at org.testng.TestNG.runSuitesLocally(TestNG.java:1137)
at org.testng.TestNG.runSuites(TestNG.java:1049)
at org.testng.TestNG.run(TestNG.java:1017)
at org.testng.remote.AbstractRemoteTestNG.run(AbstractRemoteTestNG.java:114)
at org.testng.remote.RemoteTestNG.initAndRun(RemoteTestNG.java:251)
at org.testng.remote.RemoteTestNG.main(RemoteTestNG.java:77)
]]>
    </failure>
  </testcase> <!-- SearchAccount -->
  <testcase name="SearchAccount" time="72.884" classname="fawry.sofAutomation.testsActions.accounts.SearchAccountTest">
    <failure type="java.lang.AssertionError" message="The following asserts failed:
	Error; accounts shown on web table and in db does NOT matchIn test Case With ID of expected [true] but found [false],
	Error; accounts shown on web table and in db does NOT matchIn test Case With ID of expected [true] but found [false],
	Error; accounts shown on web table and in db does NOT matchIn test Case With ID of expected [true] but found [false],
	Error; accounts shown on web table and in db does NOT matchIn test Case With ID of expected [true] but found [false],
	Error; accounts shown on web table and in db does NOT matchIn test Case With ID of expected [true] but found [false],
	Error; accounts shown on web table and in db does NOT matchIn test Case With ID of expected [true] but found [false],
	Error; accounts shown on web table and in db does NOT matchIn test Case With ID of expected [true] but found [false],
	Error; accounts shown on web table and in db does NOT matchIn test Case With ID of expected [true] but found [false],
	Error; accounts shown on web table and in db does NOT matchIn test Case With ID of expected [true] but found [false],
	Error; accounts shown on web table and in db does NOT matchIn test Case With ID of expected [true] but found [false],
	Error; accounts shown on web table and in db does NOT matchIn test Case With ID of expected [true] but found [false],
	Error; accounts shown on web table and in db does NOT matchIn test Case With ID of expected [true] but found [false],
	Error; accounts shown on web table and in db does NOT matchIn test Case With ID of expected [true] but found [false],
	Error; accounts shown on web table and in db does NOT matchIn test Case With ID of expected [true] but found [false],
	Error; accounts shown on web table and in db does NOT matchIn test Case With ID of expected [true] but found [false],
	Error; accounts shown on web table and in db does NOT matchIn test Case With ID of expected [true] but found [false],
	Error; accounts shown on web table and in db does NOT matchIn test Case With ID of expected [true] but found [false],
	Error; accounts shown on web table and in db does NOT matchIn test Case With ID of expected [true] but found [false],
	Error; accounts shown on web table and in db does NOT matchIn test Case With ID of expected [true] but found [false],
	Error; accounts shown on web table and in db does NOT matchIn test Case With ID of expected [true] but found [false],
	Error; accounts shown on web table and in db does NOT matchIn test Case With ID of expected [true] but found [false],
	Error; accounts shown on web table and in db does NOT matchIn test Case With ID of expected [true] but found [false],
	Error; accounts shown on web table and in db does NOT matchIn test Case With ID of expected [true] but found [false],
	Error; accounts shown on web table and in db does NOT matchIn test Case With ID of expected [true] but found [false],
	Error; accounts shown on web table and in db does NOT matchIn test Case With ID of expected [true] but found [false],
	Error; accounts shown on web table and in db does NOT matchIn test Case With ID of expected [true] but found [false],
	Error; accounts shown on web table and in db does NOT matchIn test Case With ID of expected [true] but found [false],
	Error; accounts shown on web table and in db does NOT matchIn test Case With ID of expected [true] but found [false],
	Error; accounts shown on web table and in db does NOT matchIn test Case With ID of expected [true] but found [false],
	Error; accounts shown on web table and in db does NOT matchIn test Case With ID of expected [true] but found [false],
	Error; accounts shown on web table and in db does NOT matchIn test Case With ID of expected [true] but found [false],
	Error; accounts shown on web table and in db does NOT matchIn test Case With ID of expected [true] but found [false],
	Error; accounts shown on web table and in db does NOT matchIn test Case With ID of expected [true] but found [false],
	Error; accounts shown on web table and in db does NOT matchIn test Case With ID of expected [true] but found [false],
	Error; accounts shown on web table and in db does NOT matchIn test Case With ID of expected [true] but found [false],
	Error; accounts shown on web table and in db does NOT matchIn test Case With ID of expected [true] but found [false],
	Error; accounts shown on web table and in db does NOT matchIn test Case With ID of expected [true] but found [false],
	Error; accounts shown on web table and in db does NOT matchIn test Case With ID of expected [true] but found [false],
	Error; accounts shown on web table and in db does NOT matchIn test Case With ID of expected [true] but found [false],
	Error; accounts shown on web table and in db does NOT matchIn test Case With ID of expected [true] but found [false],
	Error; accounts shown on web table and in db does NOT matchIn test Case With ID of expected [true] but found [false],
	Error; accounts shown on web table and in db does NOT matchIn test Case With ID of expected [true] but found [false],
	Error; accounts shown on web table and in db does NOT matchIn test Case With ID of expected [true] but found [false],
	Error; accounts shown on web table and in db does NOT matchIn test Case With ID of expected [true] but found [false],
	Error; accounts shown on web table and in db does NOT matchIn test Case With ID of expected [true] but found [false],
	Error; accounts shown on web table and in db does NOT matchIn test Case With ID of expected [true] but found [false],
	Error; accounts shown on web table and in db does NOT matchIn test Case With ID of expected [true] but found [false],
	Error; accounts shown on web table and in db does NOT matchIn test Case With ID of expected [true] but found [false],
	Error; accounts shown on web table and in db does NOT matchIn test Case With ID of expected [true] but found [false],
	Error; accounts shown on web table and in db does NOT matchIn test Case With ID of expected [true] but found [false],
	Error; accounts shown on web table and in db does NOT matchIn test Case With ID of expected [true] but found [false],
	Error; accounts shown on web table and in db does NOT matchIn test Case With ID of expected [true] but found [false],
	Error; accounts shown on web table and in db does NOT matchIn test Case With ID of expected [true] but found [false],
	Error; accounts shown on web table and in db does NOT matchIn test Case With ID of expected [true] but found [false],
	Error; accounts shown on web table and in db does NOT matchIn test Case With ID of expected [true] but found [false],
	Error; accounts shown on web table and in db does NOT matchIn test Case With ID of expected [true] but found [false],
	Error; accounts shown on web table and in db does NOT matchIn test Case With ID of expected [true] but found [false],
	Error; accounts shown on web table and in db does NOT matchIn test Case With ID of expected [true] but found [false],
	Error; accounts shown on web table and in db does NOT matchIn test Case With ID of expected [true] but found [false],
	Error; accounts shown on web table and in db does NOT matchIn test Case With ID of expected [true] but found [false],
	Error; accounts shown on web table and in db does NOT matchIn test Case With ID of expected [true] but found [false],
	Error; accounts shown on web table and in db does NOT matchIn test Case With ID of expected [true] but found [false],
	Error; accounts shown on web table and in db does NOT matchIn test Case With ID of expected [true] but found [false],
	Error; accounts shown on web table and in db does NOT matchIn test Case With ID of expected [true] but found [false],
	Error; accounts shown on web table and in db does NOT matchIn test Case With ID of expected [true] but found [false],
	Error; accounts shown on web table and in db does NOT matchIn test Case With ID of expected [true] but found [false],
	Error; accounts shown on web table and in db does NOT matchIn test Case With ID of expected [true] but found [false],
	Error; accounts shown on web table and in db does NOT matchIn test Case With ID of expected [true] but found [false],
	Error; accounts shown on web table and in db does NOT matchIn test Case With ID of expected [true] but found [false],
	Error; accounts shown on web table and in db does NOT matchIn test Case With ID of expected [true] but found [false],
	Error; accounts shown on web table and in db does NOT matchIn test Case With ID of expected [true] but found [false],
	Error; accounts shown on web table and in db does NOT matchIn test Case With ID of expected [true] but found [false],
	Error; accounts shown on web table and in db does NOT matchIn test Case With ID of expected [true] but found [false],
	Error; accounts shown on web table and in db does NOT matchIn test Case With ID of expected [true] but found [false],
	Error; accounts shown on web table and in db does NOT matchIn test Case With ID of expected [true] but found [false],
	Error; accounts shown on web table and in db does NOT matchIn test Case With ID of expected [true] but found [false],
	Error; accounts shown on web table and in db does NOT matchIn test Case With ID of expected [true] but found [false],
	Error; accounts shown on web table and in db does NOT matchIn test Case With ID of expected [true] but found [false],
	Error; accounts shown on web table and in db does NOT matchIn test Case With ID of expected [true] but found [false],
	Error; accounts shown on web table and in db does NOT matchIn test Case With ID of expected [true] but found [false],
	Error; accounts shown on web table and in db does NOT matchIn test Case With ID of expected [true] but found [false],
	Error; accounts shown on web table and in db does NOT matchIn test Case With ID of expected [true] but found [false],
	Error; accounts shown on web table and in db does NOT matchIn test Case With ID of expected [true] but found [false],
	Error; accounts shown on web table and in db does NOT matchIn test Case With ID of expected [true] but found [false],
	Error; accounts shown on web table and in db does NOT matchIn test Case With ID of expected [true] but found [false],
	Error; accounts shown on web table and in db does NOT matchIn test Case With ID of expected [true] but found [false],
	Error; accounts shown on web table and in db does NOT matchIn test Case With ID of expected [true] but found [false],
	Error; accounts shown on web table and in db does NOT matchIn test Case With ID of expected [true] but found [false],
	Error; accounts shown on web table and in db does NOT matchIn test Case With ID of expected [true] but found [false],
	Error; accounts shown on web table and in db does NOT matchIn test Case With ID of expected [true] but found [false],
	Error; accounts shown on web table and in db does NOT matchIn test Case With ID of expected [true] but found [false],
	Error; accounts shown on web table and in db does NOT matchIn test Case With ID of expected [true] but found [false],
	Error; accounts shown on web table and in db does NOT matchIn test Case With ID of expected [true] but found [false],
	Error; accounts shown on web table and in db does NOT matchIn test Case With ID of expected [true] but found [false],
	Error; accounts shown on web table and in db does NOT matchIn test Case With ID of expected [true] but found [false],
	Error; accounts shown on web table and in db does NOT matchIn test Case With ID of expected [true] but found [false],
	Error; accounts shown on web table and in db does NOT matchIn test Case With ID of expected [true] but found [false],
	Error; accounts shown on web table and in db does NOT matchIn test Case With ID of expected [true] but found [false],
	Error; accounts shown on web table and in db does NOT matchIn test Case With ID of expected [true] but found [false],
	Error; accounts shown on web table and in db does NOT matchIn test Case With ID of expected [true] but found [false],
	Error; accounts shown on web table and in db does NOT matchIn test Case With ID of expected [true] but found [false],
	Error; accounts shown on web table and in db does NOT matchIn test Case With ID of expected [true] but found [false],
	Error; accounts shown on web table and in db does NOT matchIn test Case With ID of expected [true] but found [false],
	Error; accounts shown on web table and in db does NOT matchIn test Case With ID of expected [true] but found [false],
	Error; accounts shown on web table and in db does NOT matchIn test Case With ID of expected [true] but found [false],
	Error; accounts shown on web table and in db does NOT matchIn test Case With ID of expected [true] but found [false],
	Error; accounts shown on web table and in db does NOT matchIn test Case With ID of expected [true] but found [false],
	Error; accounts shown on web table and in db does NOT matchIn test Case With ID of expected [true] but found [false],
	Error; accounts shown on web table and in db does NOT matchIn test Case With ID of expected [true] but found [false],
	Error; accounts shown on web table and in db does NOT matchIn test Case With ID of expected [true] but found [false],
	Error; accounts shown on web table and in db does NOT matchIn test Case With ID of expected [true] but found [false],
	Error; accounts shown on web table and in db does NOT matchIn test Case With ID of expected [true] but found [false],
	Error; accounts shown on web table and in db does NOT matchIn test Case With ID of expected [true] but found [false],
	Error; accounts shown on web table and in db does NOT matchIn test Case With ID of expected [true] but found [false],
	Error; accounts shown on web table and in db does NOT matchIn test Case With ID of expected [true] but found [false],
	Error; accounts shown on web table and in db does NOT matchIn test Case With ID of expected [true] but found [false],
	Error; accounts shown on web table and in db does NOT matchIn test Case With ID of expected [true] but found [false],
	Error; accounts shown on web table and in db does NOT matchIn test Case With ID of expected [true] but found [false],
	Error; accounts shown on web table and in db does NOT matchIn test Case With ID of expected [true] but found [false],
	Error; accounts shown on web table and in db does NOT matchIn test Case With ID of expected [true] but found [false],
	Error; accounts shown on web table and in db does NOT matchIn test Case With ID of expected [true] but found [false],
	Error; accounts shown on web table and in db does NOT matchIn test Case With ID of expected [true] but found [false],
	Error; accounts shown on web table and in db does NOT matchIn test Case With ID of expected [true] but found [false],
	Error; accounts shown on web table and in db does NOT matchIn test Case With ID of expected [true] but found [false],
	Error; accounts shown on web table and in db does NOT matchIn test Case With ID of expected [true] but found [false],
	Error; accounts shown on web table and in db does NOT matchIn test Case With ID of expected [true] but found [false],
	Error; accounts shown on web table and in db does NOT matchIn test Case With ID of expected [true] but found [false],
	Error; accounts shown on web table and in db does NOT matchIn test Case With ID of expected [true] but found [false],
	Error; accounts shown on web table and in db does NOT matchIn test Case With ID of expected [true] but found [false],
	Error; accounts shown on web table and in db does NOT matchIn test Case With ID of expected [true] but found [false],
	Error; accounts shown on web table and in db does NOT matchIn test Case With ID of expected [true] but found [false],
	Error; accounts shown on web table and in db does NOT matchIn test Case With ID of expected [true] but found [false],
	Error; accounts shown on web table and in db does NOT matchIn test Case With ID of expected [true] but found [false],
	Error; accounts shown on web table and in db does NOT matchIn test Case With ID of expected [true] but found [false],
	Error; accounts shown on web table and in db does NOT matchIn test Case With ID of expected [true] but found [false],
	Error; accounts shown on web table and in db does NOT matchIn test Case With ID of expected [true] but found [false],
	Error; accounts shown on web table and in db does NOT matchIn test Case With ID of expected [true] but found [false],
	Error; accounts shown on web table and in db does NOT matchIn test Case With ID of expected [true] but found [false],
	Error; accounts shown on web table and in db does NOT matchIn test Case With ID of expected [true] but found [false],
	Error; accounts shown on web table and in db does NOT matchIn test Case With ID of expected [true] but found [false],
	Error; accounts shown on web table and in db does NOT matchIn test Case With ID of expected [true] but found [false],
	Error; accounts shown on web table and in db does NOT matchIn test Case With ID of expected [true] but found [false],
	Error; accounts shown on web table and in db does NOT matchIn test Case With ID of expected [true] but found [false],
	Error; accounts shown on web table and in db does NOT matchIn test Case With ID of expected [true] but found [false],
	Error; accounts shown on web table and in db does NOT matchIn test Case With ID of expected [true] but found [false],
	Error; accounts shown on web table and in db does NOT matchIn test Case With ID of expected [true] but found [false],
	Error; accounts shown on web table and in db does NOT matchIn test Case With ID of expected [true] but found [false],
	Error; accounts shown on web table and in db does NOT matchIn test Case With ID of expected [true] but found [false],
	Error; accounts shown on web table and in db does NOT matchIn test Case With ID of expected [true] but found [false],
	Error; accounts shown on web table and in db does NOT matchIn test Case With ID of expected [true] but found [false],
	Error; accounts shown on web table and in db does NOT matchIn test Case With ID of expected [true] but found [false],
	Error; accounts shown on web table and in db does NOT matchIn test Case With ID of expected [true] but found [false],
	Error; accounts shown on web table and in db does NOT matchIn test Case With ID of expected [true] but found [false],
	Error; accounts shown on web table and in db does NOT matchIn test Case With ID of expected [true] but found [false],
	Error; accounts shown on web table and in db does NOT matchIn test Case With ID of expected [true] but found [false],
	Error; accounts shown on web table and in db does NOT matchIn test Case With ID of expected [true] but found [false],
	Error; accounts shown on web table and in db does NOT matchIn test Case With ID of expected [true] but found [false],
	Error; accounts shown on web table and in db does NOT matchIn test Case With ID of expected [true] but found [false],
	Error; accounts shown on web table and in db does NOT matchIn test Case With ID of expected [true] but found [false],
	Error; accounts shown on web table and in db does NOT matchIn test Case With ID of expected [true] but found [false],
	Error; accounts shown on web table and in db does NOT matchIn test Case With ID of expected [true] but found [false],
	Error; accounts shown on web table and in db does NOT matchIn test Case With ID of expected [true] but found [false],
	Error; accounts shown on web table and in db does NOT matchIn test Case With ID of expected [true] but found [false],
	Error; accounts shown on web table and in db does NOT matchIn test Case With ID of expected [true] but found [false],
	Error; accounts shown on web table and in db does NOT matchIn test Case With ID of expected [true] but found [false],
	Error; accounts shown on web table and in db does NOT matchIn test Case With ID of expected [true] but found [false],
	Error; accounts shown on web table and in db does NOT matchIn test Case With ID of expected [true] but found [false],
	Error; accounts shown on web table and in db does NOT matchIn test Case With ID of expected [true] but found [false],
	Error; accounts shown on web table and in db does NOT matchIn test Case With ID of expected [true] but found [false],
	Error; accounts shown on web table and in db does NOT matchIn test Case With ID of expected [true] but found [false],
	Error; accounts shown on web table and in db does NOT matchIn test Case With ID of expected [true] but found [false],
	Error; accounts shown on web table and in db does NOT matchIn test Case With ID of expected [true] but found [false],
	Error; accounts shown on web table and in db does NOT matchIn test Case With ID of expected [true] but found [false],
	Error; accounts shown on web table and in db does NOT matchIn test Case With ID of expected [true] but found [false],
	Error; accounts shown on web table and in db does NOT matchIn test Case With ID of expected [true] but found [false],
	Error; accounts shown on web table and in db does NOT matchIn test Case With ID of expected [true] but found [false],
	Error; accounts shown on web table and in db does NOT matchIn test Case With ID of expected [true] but found [false],
	Error; accounts shown on web table and in db does NOT matchIn test Case With ID of expected [true] but found [false],
	Error; accounts shown on web table and in db does NOT matchIn test Case With ID of expected [true] but found [false],
	Error; accounts shown on web table and in db does NOT matchIn test Case With ID of expected [true] but found [false],
	Error; accounts shown on web table and in db does NOT matchIn test Case With ID of expected [true] but found [false],
	Error; accounts shown on web table and in db does NOT matchIn test Case With ID of expected [true] but found [false],
	Error; accounts shown on web table and in db does NOT matchIn test Case With ID of expected [true] but found [false],
	Error; accounts shown on web table and in db does NOT matchIn test Case With ID of expected [true] but found [false],
	Error; accounts shown on web table and in db does NOT matchIn test Case With ID of expected [true] but found [false],
	Error; accounts shown on web table and in db does NOT matchIn test Case With ID of expected [true] but found [false],
	Error; accounts shown on web table and in db does NOT matchIn test Case With ID of expected [true] but found [false],
	Error; accounts shown on web table and in db does NOT matchIn test Case With ID of expected [true] but found [false],
	Error; accounts shown on web table and in db does NOT matchIn test Case With ID of expected [true] but found [false],
	Error; accounts shown on web table and in db does NOT matchIn test Case With ID of expected [true] but found [false],
	Error; accounts shown on web table and in db does NOT matchIn test Case With ID of expected [true] but found [false],
	Error; accounts shown on web table and in db does NOT matchIn test Case With ID of expected [true] but found [false],
	Error; accounts shown on web table and in db does NOT matchIn test Case With ID of expected [true] but found [false],
	Error; accounts shown on web table and in db does NOT matchIn test Case With ID of expected [true] but found [false],
	Error; accounts shown on web table and in db does NOT matchIn test Case With ID of expected [true] but found [false],
	Error; accounts shown on web table and in db does NOT matchIn test Case With ID of expected [true] but found [false],
	Error; accounts shown on web table and in db does NOT matchIn test Case With ID of expected [true] but found [false],
	Error; accounts shown on web table and in db does NOT matchIn test Case With ID of expected [true] but found [false],
	Error; accounts shown on web table and in db does NOT matchIn test Case With ID of expected [true] but found [false],
	Error; accounts shown on web table and in db does NOT matchIn test Case With ID of expected [true] but found [false],
	Error; accounts shown on web table and in db does NOT matchIn test Case With ID of expected [true] but found [false],
	Error; accounts shown on web table and in db does NOT matchIn test Case With ID of expected [true] but found [false],
	Error; accounts shown on web table and in db does NOT matchIn test Case With ID of expected [true] but found [false],
	Error; accounts shown on web table and in db does NOT matchIn test Case With ID of expected [true] but found [false],
	Error; accounts shown on web table and in db does NOT matchIn test Case With ID of expected [true] but found [false],
	Error; accounts shown on web table and in db does NOT matchIn test Case With ID of expected [true] but found [false],
	Error; accounts shown on web table and in db does NOT matchIn test Case With ID of expected [true] but found [false],
	Error; accounts shown on web table and in db does NOT matchIn test Case With ID of expected [true] but found [false],
	Error; accounts shown on web table and in db does NOT matchIn test Case With ID of expected [true] but found [false],
	Error; accounts shown on web table and in db does NOT matchIn test Case With ID of expected [true] but found [false],
	Error; accounts shown on web table and in db does NOT matchIn test Case With ID of expected [true] but found [false],
	Error; accounts shown on web table and in db does NOT matchIn test Case With ID of expected [true] but found [false],
	Error; accounts shown on web table and in db does NOT matchIn test Case With ID of expected [true] but found [false],
	Error; accounts shown on web table and in db does NOT matchIn test Case With ID of expected [true] but found [false],
	Error; accounts shown on web table and in db does NOT matchIn test Case With ID of expected [true] but found [false],
	Error; accounts shown on web table and in db does NOT matchIn test Case With ID of expected [true] but found [false],
	Error; accounts shown on web table and in db does NOT matchIn test Case With ID of expected [true] but found [false],
	Error; accounts shown on web table and in db does NOT matchIn test Case With ID of expected [true] but found [false],
	Error; accounts shown on web table and in db does NOT matchIn test Case With ID of expected [true] but found [false],
	Error; accounts shown on web table and in db does NOT matchIn test Case With ID of expected [true] but found [false],
	Error; accounts shown on web table and in db does NOT matchIn test Case With ID of expected [true] but found [false],
	Error; accounts shown on web table and in db does NOT matchIn test Case With ID of expected [true] but found [false],
	Error; accounts shown on web table and in db does NOT matchIn test Case With ID of expected [true] but found [false],
	Error; accounts shown on web table and in db does NOT matchIn test Case With ID of expected [true] but found [false],
	Error; accounts shown on web table and in db does NOT matchIn test Case With ID of expected [true] but found [false],
	Error; accounts shown on web table and in db does NOT matchIn test Case With ID of expected [true] but found [false],
	Error; accounts shown on web table and in db does NOT matchIn test Case With ID of expected [true] but found [false],
	Error; accounts shown on web table and in db does NOT matchIn test Case With ID of expected [true] but found [false],
	Error; accounts shown on web table and in db does NOT matchIn test Case With ID of expected [true] but found [false],
	Error; accounts shown on web table and in db does NOT matchIn test Case With ID of expected [true] but found [false],
	Error; accounts shown on web table and in db does NOT matchIn test Case With ID of expected [true] but found [false],
	Error; accounts shown on web table and in db does NOT matchIn test Case With ID of expected [true] but found [false],
	Error; accounts shown on web table and in db does NOT matchIn test Case With ID of expected [true] but found [false],
	Error; accounts shown on web table and in db does NOT matchIn test Case With ID of expected [true] but found [false],
	Error; accounts shown on web table and in db does NOT matchIn test Case With ID of expected [true] but found [false],
	Error; accounts shown on web table and in db does NOT matchIn test Case With ID of expected [true] but found [false],
	Error; accounts shown on web table and in db does NOT matchIn test Case With ID of expected [true] but found [false],
	Error; accounts shown on web table and in db does NOT matchIn test Case With ID of expected [true] but found [false],
	Error; accounts shown on web table and in db does NOT matchIn test Case With ID of expected [true] but found [false],
	Error; accounts shown on web table and in db does NOT matchIn test Case With ID of expected [true] but found [false],
	Error; accounts shown on web table and in db does NOT matchIn test Case With ID of expected [true] but found [false],
	Error; accounts shown on web table and in db does NOT matchIn test Case With ID of expected [true] but found [false],
	Error; accounts shown on web table and in db does NOT matchIn test Case With ID of expected [true] but found [false],
	Error; accounts shown on web table and in db does NOT matchIn test Case With ID of expected [true] but found [false],
	Error; accounts shown on web table and in db does NOT matchIn test Case With ID of expected [true] but found [false],
	Error; accounts shown on web table and in db does NOT matchIn test Case With ID of expected [true] but found [false],
	Error; accounts shown on web table and in db does NOT matchIn test Case With ID of expected [true] but found [false]">
      <![CDATA[java.lang.AssertionError: The following asserts failed:
Error; accounts shown on web table and in db does NOT matchIn test Case With ID of expected [true] but found [false],
Error; accounts shown on web table and in db does NOT matchIn test Case With ID of expected [true] but found [false],
Error; accounts shown on web table and in db does NOT matchIn test Case With ID of expected [true] but found [false],
Error; accounts shown on web table and in db does NOT matchIn test Case With ID of expected [true] but found [false],
Error; accounts shown on web table and in db does NOT matchIn test Case With ID of expected [true] but found [false],
Error; accounts shown on web table and in db does NOT matchIn test Case With ID of expected [true] but found [false],
Error; accounts shown on web table and in db does NOT matchIn test Case With ID of expected [true] but found [false],
Error; accounts shown on web table and in db does NOT matchIn test Case With ID of expected [true] but found [false],
Error; accounts shown on web table and in db does NOT matchIn test Case With ID of expected [true] but found [false],
Error; accounts shown on web table and in db does NOT matchIn test Case With ID of expected [true] but found [false],
Error; accounts shown on web table and in db does NOT matchIn test Case With ID of expected [true] but found [false],
Error; accounts shown on web table and in db does NOT matchIn test Case With ID of expected [true] but found [false],
Error; accounts shown on web table and in db does NOT matchIn test Case With ID of expected [true] but found [false],
Error; accounts shown on web table and in db does NOT matchIn test Case With ID of expected [true] but found [false],
Error; accounts shown on web table and in db does NOT matchIn test Case With ID of expected [true] but found [false],
Error; accounts shown on web table and in db does NOT matchIn test Case With ID of expected [true] but found [false],
Error; accounts shown on web table and in db does NOT matchIn test Case With ID of expected [true] but found [false],
Error; accounts shown on web table and in db does NOT matchIn test Case With ID of expected [true] but found [false],
[...]
Error; accounts shown on web table and in db does NOT matchIn test Case With ID of expected [true] but found [false],
Error; accounts shown on web table and in db does NOT matchIn test Case With ID of expected [true] but found [false],
Error; accounts shown on web table and in db does NOT matchIn test Case With ID of expected [true] but found [false],
Error; accounts shown on web table and in db does NOT matchIn test Case With ID of expected [true] but found [false],
Error; accounts shown on web table and in db does NOT matchIn test Case With ID of expected [true] but found [false],
Error; accounts shown on web table and in db does NOT matchIn test Case With ID of expected [true] but found [false],
Error; accounts shown on web table and in db does NOT matchIn test Case With ID of expected [true] but found [false],
Error; accounts shown on web table and in db does NOT matchIn test Case With ID of expected [true] but found [false],
Error; accounts shown on web table and in db does NOT matchIn test Case With ID of expected [true] but found [false],
Error; accounts shown on web table and in db does NOT matchIn test Case With ID of expected [true] but found [false],
Error; accounts shown on web table and in db does NOT matchIn test Case With ID of expected [true] but found [false],
Error; accounts shown on web table and in db does NOT matchIn test Case With ID of expected [true] but found [false],
Error; accounts shown on web table and in db does NOT matchIn test Case With ID of expected [true] but found [false],
Error; accounts shown on web table and in db does NOT matchIn test Case With ID of expected [true] but found [false],
Error; accounts shown on web table and in db does NOT matchIn test Case With ID of expected [true] but found [false],
Error; accounts shown on web table and in db does NOT matchIn test Case With ID of expected [true] but found [false],
Error; accounts shown on web table and in db does NOT matchIn test Case With ID of expected [true] but found [false],
Error; accounts shown on web table and in db does NOT matchIn test Case With ID of expected [true] but found [false],
Error; accounts shown on web table and in db does NOT matchIn test Case With ID of expected [true] but found [false],
Error; accounts shown on web table and in db does NOT matchIn test Case With ID of expected [true] but found [false],
Error; accounts shown on web table and in db does NOT matchIn test Case With ID of expected [true] but found [false],
Error; accounts shown on web table and in db does NOT matchIn test Case With ID of expected [true] but found [false],
Error; accounts shown on web table and in db does NOT matchIn test Case With ID of expected [true] but found [false],
Error; accounts shown on web table and in db does NOT matchIn test Case With ID of expected [true] but found [false],
Error; accounts shown on web table and in db does NOT matchIn test Case With ID of expected [true] but found [false],
Error; accounts shown on web table and in db does NOT matchIn test Case With ID of expected [true] but found [false],
Error; accounts shown on web table and in db does NOT matchIn test Case With ID of expected [true] but found [false],
Error; accounts shown on web table and in db does NOT matchIn test Case With ID of expected [true] but found [false],
Error; accounts shown on web table and in db does NOT matchIn test Case With ID of expected [true] but found [false],
Error; accounts shown on web table and in db does NOT matchIn test Case With ID of expected [true] but found [false],
Error; accounts shown on web table and in db does NOT matchIn test Case With ID of expected [true] but found [false],
Error; accounts shown on web table and in db does NOT matchIn test Case With ID of expected [true] but found [false],
Error; accounts shown on web table and in db does NOT matchIn test Case With ID of expected [true] but found [false],
Error; accounts shown on web table and in db does NOT matchIn test Case With ID of expected [true] but found [false],
Error; accounts shown on web table and in db does NOT matchIn test Case With ID of expected [true] but found [false],
Error; accounts shown on web table and in db does NOT matchIn test Case With ID of expected [true] but found [false],
Error; accounts shown on web table and in db does NOT matchIn test Case With ID of expected [true] but found [false],
Error; accounts shown on web table and in db does NOT matchIn test Case With ID of expected [true] but found [false],
Error; accounts shown on web table and in db does NOT matchIn test Case With ID of expected [true] but found [false],
Error; accounts shown on web table and in db does NOT matchIn test Case With ID of expected [true] but found [false],
Error; accounts shown on web table and in db does NOT matchIn test Case With ID of expected [true] but found [false],
Error; accounts shown on web table and in db does NOT matchIn test Case With ID of expected [true] but found [false],
Error; accounts shown on web table and in db does NOT matchIn test Case With ID of expected [true] but found [false],
Error; accounts shown on web table and in db does NOT matchIn test Case With ID of expected [true] but found [false],
Error; accounts shown on web table and in db does NOT matchIn test Case With ID of expected [true] but found [false],
Error; accounts shown on web table and in db does NOT matchIn test Case With ID of expected [true] but found [false],
Error; accounts shown on web table and in db does NOT matchIn test Case With ID of expected [true] but found [false],
Error; accounts shown on web table and in db does NOT matchIn test Case With ID of expected [true] but found [false],
Error; accounts shown on web table and in db does NOT matchIn test Case With ID of expected [true] but found [false],
Error; accounts shown on web table and in db does NOT matchIn test Case With ID of expected [true] but found [false],
Error; accounts shown on web table and in db does NOT matchIn test Case With ID of expected [true] but found [false],
Error; accounts shown on web table and in db does NOT matchIn test Case With ID of expected [true] but found [false],
Error; accounts shown on web table and in db does NOT matchIn test Case With ID of expected [true] but found [false],
Error; accounts shown on web table and in db does NOT matchIn test Case With ID of expected [true] but found [false],
Error; accounts shown on web table and in db does NOT matchIn test Case With ID of expected [true] but found [false],
Error; accounts shown on web table and in db does NOT matchIn test Case With ID of expected [true] but found [false],
Error; accounts shown on web table and in db does NOT matchIn test Case With ID of expected [true] but found [false],
Error; accounts shown on web table and in db does NOT matchIn test Case With ID of expected [true] but found [false],
Error; accounts shown on web table and in db does NOT matchIn test Case With ID of expected [true] but found [false],
Error; accounts shown on web table and in db does NOT matchIn test Case With ID of expected [true] but found [false],
Error; accounts shown on web table and in db does NOT matchIn test Case With ID of expected [true] but found [false],
Error; accounts shown on web table and in db does NOT matchIn test Case With ID of expected [true] but found [false],
Error; accounts shown on web table and in db does NOT matchIn test Case With ID of expected [true] but found [false],
Error; accounts shown on web table and in db does NOT matchIn test Case With ID of expected [true] but found [false],
Error; accounts shown on web table and in db does NOT matchIn test Case With ID of expected [true] but found [false],
Error; accounts shown on web table and in db does NOT matchIn test Case With ID of expected [true] but found [false],
Error; accounts shown on web table and in db does NOT matchIn test Case With ID of expected [true] but found [false],
Error; accounts shown on web table and in db does NOT matchIn test Case With ID of expected [true] but found [false],
Error; accounts shown on web table and in db does NOT matchIn test Case With ID of expected [true] but found [false],
Error; accounts shown on web table and in db does NOT matchIn test Case With ID of expected [true] but found [false],
Error; accounts shown on web table and in db does NOT matchIn test Case With ID of expected [true] but found [false],
Error; accounts shown on web table and in db does NOT matchIn test Case With ID of expected [true] but found [false],
Error; accounts shown on web table and in db does NOT matchIn test Case With ID of expected [true] but found [false],
Error; accounts shown on web table and in db does NOT matchIn test Case With ID of expected [true] but found [false],
Error; accounts shown on web table and in db does NOT matchIn test Case With ID of expected [true] but found [false],
Error; accounts shown on web table and in db does NOT matchIn test Case With ID of expected [true] but found [false],
Error; accounts shown on web table and in db does NOT matchIn test Case With ID of expected [true] but found [false],
Error; accounts shown on web table and in db does NOT matchIn test Case With ID of expected [true] but found [false],
Error; accounts shown on web table and in db does NOT matchIn test Case With ID of expected [true] but found [false],
Error; accounts shown on web table and in db does NOT matchIn test Case With ID of expected [true] but found [false],
Error; accounts shown on web table and in db does NOT matchIn test Case With ID of expected [true] but found [false],
Error; accounts shown on web table and in db does NOT matchIn test Case With ID of expected [true] but found [false],
Error; accounts shown on web table and in db does NOT matchIn test Case With ID of expected [true] but found [false],
Error; accounts shown on web table and in db does NOT matchIn test Case With ID of expected [true] but found [false],
Error; accounts shown on web table and in db does NOT matchIn test Case With ID of expected [true] but found [false],
Error; accounts shown on web table and in db does NOT matchIn test Case With ID of expected [true] but found [false],
Error; accounts shown on web table and in db does NOT matchIn test Case With ID of expected [true] but found [false],
Error; accounts shown on web table and in db does NOT matchIn test Case With ID of expected [true] but found [false],
Error; accounts shown on web table and in db does NOT matchIn test Case With ID of expected [true] but found [false],
Error; accounts shown on web table and in db does NOT matchIn test Case With ID of expected [true] but found [false],
Error; accounts shown on web table and in db does NOT matchIn test Case With ID of expected [true] but found [false],
Error; accounts shown on web table and in db does NOT matchIn test Case With ID of expected [true] but found [false],
Error; accounts shown on web table and in db does NOT matchIn test Case With ID of expected [true] but found [false],
Error; accounts shown on web table and in db does NOT matchIn test Case With ID of expected [true] but found [false],
Error; accounts shown on web table and in db does NOT matchIn test Case With ID of expected [true] but found [false],
Error; accounts shown on web table and in db does NOT matchIn test Case With ID of expected [true] but found [false],
Error; accounts shown on web table and in db does NOT matchIn test Case With ID of expected [true] but found [false],
Error; accounts shown on web table and in db does NOT matchIn test Case With ID of expected [true] but found [false],
Error; accounts shown on web table and in db does NOT matchIn test Case With ID of expected [true] but found [false],
Error; accounts shown on web table and in db does NOT matchIn test Case With ID of expected [true] but found [false],
Error; accounts shown on web table and in db does NOT matchIn test Case With ID of expected [true] but found [false],
Error; accounts shown on web table and in db does NOT matchIn test Case With ID of expected [true] but found [false],
Error; accounts shown on web table and in db does NOT matchIn test Case With ID of expected [true] but found [false],
Error; accounts shown on web table and in db does NOT matchIn test Case With ID of expected [true] but found [false],
Error; accounts shown on web table and in db does NOT matchIn test Case With ID of expected [true] but found [false],
Error; accounts shown on web table and in db does NOT matchIn test Case With ID of expected [true] but found [false],
Error; accounts shown on web table and in db does NOT matchIn test Case With ID of expected [true] but found [false],
Error; accounts shown on web table and in db does NOT matchIn test Case With ID of expected [true] but found [false],
Error; accounts shown on web table and in db does NOT matchIn test Case With ID of expected [true] but found [false],
Error; accounts shown on web table and in db does NOT matchIn test Case With ID of expected [true] but found [false],
Error; accounts shown on web table and in db does NOT matchIn test Case With ID of expected [true] but found [false],
Error; accounts shown on web table and in db does NOT matchIn test Case With ID of expected [true] but found [false],
Error; accounts shown on web table and in db does NOT matchIn test Case With ID of expected [true] but found [false],
Error; accounts shown on web table and in db does NOT matchIn test Case With ID of expected [true] but found [false],
Error; accounts shown on web table and in db does NOT matchIn test Case With ID of expected [true] but found [false],
Error; accounts shown on web table and in db does NOT matchIn test Case With ID of expected [true] but found [false],
Error; accounts shown on web table and in db does NOT matchIn test Case With ID of expected [true] but found [false],
Error; accounts shown on web table and in db does NOT matchIn test Case With ID of expected [true] but found [false],
Error; accounts shown on web table and in db does NOT matchIn test Case With ID of expected [true] but found [false],
Error; accounts shown on web table and in db does NOT matchIn test Case With ID of expected [true] but found [false],
Error; accounts shown on web table and in db does NOT matchIn test Case With ID of expected [true] but found [false],
Error; accounts shown on web table and in db does NOT matchIn test Case With ID of expected [true] but found [false],
Error; accounts shown on web table and in db does NOT matchIn test Case With ID of expected [true] but found [false],
Error; accounts shown on web table and in db does NOT matchIn test Case With ID of expected [true] but found [false],
Error; accounts shown on web table and in db does NOT matchIn test Case With ID of expected [true] but found [false],
Error; accounts shown on web table and in db does NOT matchIn test Case With ID of expected [true] but found [false],
Error; accounts shown on web table and in db does NOT matchIn test Case With ID of expected [true] but found [false],
Error; accounts shown on web table and in db does NOT matchIn test Case With ID of expected [true] but found [false],
Error; accounts shown on web table and in db does NOT matchIn test Case With ID of expected [true] but found [false],
Error; accounts shown on web table and in db does NOT matchIn test Case With ID of expected [true] but found [false],
Error; accounts shown on web table and in db does NOT matchIn test Case With ID of expected [true] but found [false],
Error; accounts shown on web table and in db does NOT matchIn test Case With ID of expected [true] but found [false],
Error; accounts shown on web table and in db does NOT matchIn test Case With ID of expected [true] but found [false],
Error; accounts shown on web table and in db does NOT matchIn test Case With ID of expected [true] but found [false],
Error; accounts shown on web table and in db does NOT matchIn test Case With ID of expected [true] but found [false],
Error; accounts shown on web table and in db does NOT matchIn test Case With ID of expected [true] but found [false],
Error; accounts shown on web table and in db does NOT matchIn test Case With ID of expected [true] but found [false],
Error; accounts shown on web table and in db does NOT matchIn test Case With ID of expected [true] but found [false],
Error; accounts shown on web table and in db does NOT matchIn test Case With ID of expected [true] but found [false],
Error; accounts shown on web table and in db does NOT matchIn test Case With ID of expected [true] but found [false],
Error; accounts shown on web table and in db does NOT matchIn test Case With ID of expected [true] but found [false],
Error; accounts shown on web table and in db does NOT matchIn test Case With ID of expected [true] but found [false],
Error; accounts shown on web table and in db does NOT matchIn test Case With ID of expected [true] but found [false],
Error; accounts shown on web table and in db does NOT matchIn test Case With ID of expected [true] but found [false],
Error; accounts shown on web table and in db does NOT matchIn test Case With ID of expected [true] but found [false],
Error; accounts shown on web table and in db does NOT matchIn test Case With ID of expected [true] but found [false],
Error; accounts shown on web table and in db does NOT matchIn test Case With ID of expected [true] but found [false],
Error; accounts shown on web table and in db does NOT matchIn test Case With ID of expected [true] but found [false],
Error; accounts shown on web table and in db does NOT matchIn test Case With ID of expected [true] but found [false],
Error; accounts shown on web table and in db does NOT matchIn test Case With ID of expected [true] but found [false],
Error; accounts shown on web table and in db does NOT matchIn test Case With ID of expected [true] but found [false],
Error; accounts shown on web table and in db does NOT matchIn test Case With ID of expected [true] but found [false],
Error; accounts shown on web table and in db does NOT matchIn test Case With ID of expected [true] but found [false]
at org.testng.asserts.SoftAssert.assertAll(SoftAssert.java:43)
at fawry.sofAutomation.testsActions.accounts.SearchAccountTest.SearchAccount(SearchAccountTest.java:77)
at sun.reflect.NativeMethodAccessorImpl.invoke0(Native Method)
at sun.reflect.NativeMethodAccessorImpl.invoke(NativeMethodAccessorImpl.java:62)
at sun.reflect.DelegatingMethodAccessorImpl.invoke(DelegatingMethodAccessorImpl.java:43)
at java.lang.reflect.Method.invoke(Method.java:498)
at org.testng.internal.MethodInvocationHelper.invokeMethod(MethodInvocationHelper.java:124)
at org.testng.internal.Invoker.invokeMethod(Invoker.java:580)
at org.testng.internal.Invoker.invokeTestMethod(Invoker.java:716)
at org.testng.internal.Invoker.invokeTestMethods(Invoker.java:988)
at org.testng.internal.TestMethodWorker.invokeTestMethods(TestMethodWorker.java:125)
at org.testng.internal.TestMethodWorker.run(TestMethodWorker.java:109)
at org.testng.TestRunner.privateRun(TestRunner.java:648)
at org.testng.TestRunner.run(TestRunner.java:505)
at org.testng.SuiteRunner.runTest(SuiteRunner.java:455)
at org.testng.SuiteRunner.runSequentially(SuiteRunner.java:450)
at org.testng.SuiteRunner.privateRun(SuiteRunner.java:415)
at org.testng.SuiteRunner.run(SuiteRunner.java:364)
at org.testng.SuiteRunnerWorker.runSuite(SuiteRunnerWorker.java:52)
at org.testng.SuiteRunnerWorker.run(SuiteRunnerWorker.java:84)
at org.testng.TestNG.runSuitesSequentially(TestNG.java:1208)
at org.testng.TestNG.runSuitesLocally(TestNG.java:1137)
at org.testng.TestNG.runSuites(TestNG.java:1049)
at org.testng.TestNG.run(TestNG.java:1017)
at org.testng.remote.AbstractRemoteTestNG.run(AbstractRemoteTestNG.java:114)
at org.testng.remote.RemoteTestNG.initAndRun(RemoteTestNG.java:251)
at org.testng.remote.RemoteTestNG.main(RemoteTestNG.java:77)
]]>
    </failure>
  </testcase> <!-- SearchAccount -->
</testsuite> <!-- fawry.sofAutomation.testsActions.accounts.SearchAccountTest -->
